<?xml version="1.0" encoding="UTF-8"?>
<!-- Generated by org.testng.reporters.JUnitReportReporter -->
<testsuite hostname="Musthaqshaik" failures="0" tests="1" name="MovieDetailsPageTest" time="12.168" errors="0" timestamp="2024-06-20T15:58:25 IST" skipped="0">
  <testcase classname="MovieDetailsPageTest" name="moviesonhomepage" time="12.168"/>
</testsuite> <!-- MovieDetailsPageTest -->
