<?xml version="1.0" encoding="UTF-8"?>
<!-- Generated by org.testng.reporters.JUnitReportReporter -->
<testsuite hostname="Musthaqshaik" failures="0" tests="6" name="LoginPageTest" time="58.833" errors="0" timestamp="2024-06-20T15:58:25 IST" skipped="0">
  <testcase classname="LoginPageTest" name="testloginpage" time="20.575"/>
  <testcase classname="LoginPageTest" name="testempyinputs" time="9.514"/>
  <testcase classname="LoginPageTest" name="testemtyusername" time="6.475"/>
  <testcase classname="LoginPageTest" name="testemtypassword" time="5.447"/>
  <testcase classname="LoginPageTest" name="testinvalidinputs" time="6.788"/>
  <testcase classname="LoginPageTest" name="testvalidinputs" time="10.034"/>
</testsuite> <!-- LoginPageTest -->
